0 info it worked if it ends with ok
1 verbose cli [ 'node', '/usr/local/bin/npm', 'publish' ]
2 info using npm@2.1.18
3 info using node@v1.0.1
4 verbose node symlink /usr/local/bin/node
5 verbose publish [ '.' ]
6 silly cache add args [ '.', null ]
7 verbose cache add spec .
8 silly cache add parsed spec { raw: '.',
8 silly cache add   scope: null,
8 silly cache add   name: null,
8 silly cache add   rawSpec: '.',
8 silly cache add   spec: '/Users/Dev/proyectos/generator-BlackMeza',
8 silly cache add   type: 'directory' }
9 verbose addLocalDirectory /Users/Dev/.npm/generator-blackMeza/0.0.1/package.tgz not in flight; packing
10 verbose tar pack [ '/Users/Dev/.npm/generator-blackMeza/0.0.1/package.tgz',
10 verbose tar pack   '/Users/Dev/proyectos/generator-BlackMeza' ]
11 verbose tarball /Users/Dev/.npm/generator-blackMeza/0.0.1/package.tgz
12 verbose folder /Users/Dev/proyectos/generator-BlackMeza
13 info prepublish generator-blackMeza@0.0.1
14 verbose addLocalTarball adding from inside cache /Users/Dev/.npm/generator-blackMeza/0.0.1/package.tgz
15 silly cache afterAdd generator-blackMeza@0.0.1
16 verbose afterAdd /Users/Dev/.npm/generator-blackMeza/0.0.1/package/package.json not in flight; writing
17 verbose afterAdd /Users/Dev/.npm/generator-blackMeza/0.0.1/package/package.json written
18 silly publish { name: 'generator-blackMeza',
18 silly publish   version: '0.0.1',
18 silly publish   description: '',
18 silly publish   main: 'gulpfile.js',
18 silly publish   keywords: [ 'yeoman-generator' ],
18 silly publish   scripts: { test: 'echo "Error: no test specified" && exit 1' },
18 silly publish   repository:
18 silly publish    { type: 'git',
18 silly publish      url: 'https://github.com/devildeveloper/BlackMeza' },
18 silly publish   author: { name: 'Miguel Aliaga', url: '@devildeveloper' },
18 silly publish   license: 'MIT',
18 silly publish   bugs: { url: 'https://github.com/devildeveloper/BlackMeza/issues' },
18 silly publish   homepage: 'https://github.com/devildeveloper/BlackMeza',
18 silly publish   dependencies:
18 silly publish    { 'gulp-sourcemaps': '~1.3.0',
18 silly publish      'gulp-minify-css': '~0.4.6',
18 silly publish      gulp: '~3.8.11',
18 silly publish      'gulp-jade': '~1.0.0',
18 silly publish      'gulp-server-livereload': '~1.0.2',
18 silly publish      'gulp-sass': '~1.3.3',
18 silly publish      'gulp-uglify': '~1.1.0',
18 silly publish      chalk: '*',
18 silly publish      'yeoman-generator': '^0.17.3' },
18 silly publish   readme: 'ERROR: No README data found!',
18 silly publish   readmeFilename: 'README.md',
18 silly publish   gitHead: '845a58cd7ee3fa246ee6a7a33f09495e26e7c174',
18 silly publish   _id: 'generator-blackMeza@0.0.1',
18 silly publish   _shasum: 'd81f57c257c20badf932a260f4e126e29b28d7ec',
18 silly publish   _from: '.' }
19 silly mapToRegistry name generator-blackMeza
20 silly mapToRegistry using default registry
21 silly mapToRegistry registry https://registry.npmjs.org/
22 silly mapToRegistry uri https://registry.npmjs.org/generator-blackMeza
23 verbose publish registryBase https://registry.npmjs.org/
24 silly publish uploading /Users/Dev/.npm/generator-blackMeza/0.0.1/package.tgz
25 verbose stack Error: Invalid name: "generator-blackMeza"
25 verbose stack     at ensureValidName (/usr/local/lib/node_modules/npm/node_modules/normalize-package-data/lib/fixer.js:322:15)
25 verbose stack     at Object.module.exports.fixNameField (/usr/local/lib/node_modules/npm/node_modules/normalize-package-data/lib/fixer.js:211:5)
25 verbose stack     at CachingRegistryClient.publish (/usr/local/lib/node_modules/npm/node_modules/npm-registry-client/lib/publish.js:35:11)
25 verbose stack     at /usr/local/lib/node_modules/npm/lib/publish.js:124:14
25 verbose stack     at mapToRegistry (/usr/local/lib/node_modules/npm/lib/utils/map-to-registry.js:55:3)
25 verbose stack     at publish_ (/usr/local/lib/node_modules/npm/lib/publish.js:104:3)
25 verbose stack     at Array.<anonymous> (/usr/local/lib/node_modules/npm/node_modules/slide/lib/bind-actor.js:15:8)
25 verbose stack     at LOOP (/usr/local/lib/node_modules/npm/node_modules/slide/lib/chain.js:15:14)
25 verbose stack     at LOOP (/usr/local/lib/node_modules/npm/node_modules/slide/lib/chain.js:14:28)
25 verbose stack     at chain (/usr/local/lib/node_modules/npm/node_modules/slide/lib/chain.js:20:5)
26 verbose cwd /Users/Dev/proyectos/generator-BlackMeza
27 error Darwin 14.0.0
28 error argv "node" "/usr/local/bin/npm" "publish"
29 error node v1.0.1
30 error npm  v2.1.18
31 error Invalid name: "generator-blackMeza"
32 error If you need help, you may report this error at:
32 error     <http://github.com/npm/npm/issues>
33 verbose exit [ 1, true ]
